<?xml version="1.0" encoding="UTF-8"?>
<testng-results skipped="0" failed="1" ignored="0" total="9" passed="8">
  <reporter-output>
  </reporter-output>
  <suite name="Default suite" duration-ms="426818" started-at="2020-03-25T11:20:49 IST" finished-at="2020-03-25T11:27:56 IST">
    <groups>
    </groups>
    <test name="Default test" duration-ms="426818" started-at="2020-03-25T11:20:49 IST" finished-at="2020-03-25T11:27:56 IST">
      <class name="TestApplication.TestChrome">
        <test-method status="PASS" signature="beforeMethod()[pri:0, instance:TestApplication.TestChrome@3cef309d]" name="beforeMethod" is-config="true" duration-ms="21601" started-at="2020-03-25T11:20:50 IST" finished-at="2020-03-25T11:21:12 IST">
          <reporter-output>
          </reporter-output>
        </test-method> <!-- beforeMethod -->
        <test-method status="PASS" signature="a_Invalid_Registration(java.lang.String, java.lang.String, java.lang.String, java.lang.String, java.lang.String, java.lang.String)[pri:0, instance:TestApplication.TestChrome@3cef309d]" name="a_Invalid_Registration" duration-ms="6868" started-at="2020-03-25T11:21:12 IST" data-provider="data1" finished-at="2020-03-25T11:21:19 IST">
          <params>
            <param index="0">
              <value>
                <![CDATA[Janvi]]>
              </value>
            </param>
            <param index="1">
              <value>
                <![CDATA[Reddy]]>
              </value>
            </param>
            <param index="2">
              <value>
                <![CDATA[reddyjanvi@gmail.com]]>
              </value>
            </param>
            <param index="3">
              <value>
                <![CDATA[9015374628]]>
              </value>
            </param>
            <param index="4">
              <value>
                <![CDATA[123456789]]>
              </value>
            </param>
            <param index="5">
              <value>
                <![CDATA[jdfjy458hsdbjs]]>
              </value>
            </param>
          </params>
          <reporter-output>
          </reporter-output>
        </test-method> <!-- a_Invalid_Registration -->
        <test-method status="PASS" signature="afterMethod()[pri:0, instance:TestApplication.TestChrome@3cef309d]" name="afterMethod" is-config="true" duration-ms="810" started-at="2020-03-25T11:21:19 IST" finished-at="2020-03-25T11:21:20 IST">
          <reporter-output>
          </reporter-output>
        </test-method> <!-- afterMethod -->
        <test-method status="PASS" signature="beforeMethod()[pri:0, instance:TestApplication.TestChrome@3cef309d]" name="beforeMethod" is-config="true" duration-ms="19174" started-at="2020-03-25T11:21:20 IST" finished-at="2020-03-25T11:21:39 IST">
          <reporter-output>
          </reporter-output>
        </test-method> <!-- beforeMethod -->
        <test-method status="PASS" signature="a_Invalid_Registration(java.lang.String, java.lang.String, java.lang.String, java.lang.String, java.lang.String, java.lang.String)[pri:0, instance:TestApplication.TestChrome@3cef309d]" name="a_Invalid_Registration" duration-ms="6573" started-at="2020-03-25T11:21:39 IST" data-provider="data1" finished-at="2020-03-25T11:21:45 IST">
          <params>
            <param index="0">
              <value>
                <![CDATA[Monika]]>
              </value>
            </param>
            <param index="1">
              <value>
                <![CDATA[Suma]]>
              </value>
            </param>
            <param index="2">
              <value>
                <![CDATA[sumamonika@gmail.com]]>
              </value>
            </param>
            <param index="3">
              <value>
                <![CDATA[6395287410]]>
              </value>
            </param>
            <param index="4">
              <value>
                <![CDATA[egtw@dfh6132]]>
              </value>
            </param>
            <param index="5">
              <value>
                <![CDATA[duuwdnfnmd]]>
              </value>
            </param>
          </params>
          <reporter-output>
          </reporter-output>
        </test-method> <!-- a_Invalid_Registration -->
        <test-method status="PASS" signature="afterMethod()[pri:0, instance:TestApplication.TestChrome@3cef309d]" name="afterMethod" is-config="true" duration-ms="757" started-at="2020-03-25T11:21:45 IST" finished-at="2020-03-25T11:21:46 IST">
          <reporter-output>
          </reporter-output>
        </test-method> <!-- afterMethod -->
        <test-method status="PASS" signature="beforeMethod()[pri:0, instance:TestApplication.TestChrome@3cef309d]" name="beforeMethod" is-config="true" duration-ms="24709" started-at="2020-03-25T11:21:46 IST" finished-at="2020-03-25T11:22:11 IST">
          <reporter-output>
          </reporter-output>
        </test-method> <!-- beforeMethod -->
        <test-method status="PASS" signature="a_Invalid_Registration(java.lang.String, java.lang.String, java.lang.String, java.lang.String, java.lang.String, java.lang.String)[pri:0, instance:TestApplication.TestChrome@3cef309d]" name="a_Invalid_Registration" duration-ms="6613" started-at="2020-03-25T11:22:11 IST" data-provider="data1" finished-at="2020-03-25T11:22:17 IST">
          <params>
            <param index="0">
              <value>
                <![CDATA[Divya]]>
              </value>
            </param>
            <param index="1">
              <value>
                <![CDATA[Kattupalli]]>
              </value>
            </param>
            <param index="2">
              <value>
                <![CDATA[kattupallidivya@gmail.com]]>
              </value>
            </param>
            <param index="3">
              <value>
                <![CDATA[7410258369]]>
              </value>
            </param>
            <param index="4">
              <value>
                <![CDATA[hrt845u@]]>
              </value>
            </param>
            <param index="5">
              <value>
                <![CDATA[9879885165]]>
              </value>
            </param>
          </params>
          <reporter-output>
          </reporter-output>
        </test-method> <!-- a_Invalid_Registration -->
        <test-method status="PASS" signature="afterMethod()[pri:0, instance:TestApplication.TestChrome@3cef309d]" name="afterMethod" is-config="true" duration-ms="796" started-at="2020-03-25T11:22:17 IST" finished-at="2020-03-25T11:22:18 IST">
          <reporter-output>
          </reporter-output>
        </test-method> <!-- afterMethod -->
        <test-method status="PASS" signature="beforeMethod()[pri:0, instance:TestApplication.TestChrome@3cef309d]" name="beforeMethod" is-config="true" duration-ms="18851" started-at="2020-03-25T11:22:18 IST" finished-at="2020-03-25T11:22:37 IST">
          <reporter-output>
          </reporter-output>
        </test-method> <!-- beforeMethod -->
        <test-method status="PASS" signature="b_Adding_Product_To_Cart(java.lang.String, java.lang.String, java.lang.String, java.lang.String, java.lang.String, java.lang.String)[pri:0, instance:TestApplication.TestChrome@3cef309d]" name="b_Adding_Product_To_Cart" duration-ms="27581" started-at="2020-03-25T11:22:37 IST" data-provider="data2" finished-at="2020-03-25T11:23:05 IST">
          <params>
            <param index="0">
              <value>
                <![CDATA[Ishaan]]>
              </value>
            </param>
            <param index="1">
              <value>
                <![CDATA[Sharma]]>
              </value>
            </param>
            <param index="2">
              <value>
                <![CDATA[hdbwgeydb@gmail.com]]>
              </value>
            </param>
            <param index="3">
              <value>
                <![CDATA[9632587410]]>
              </value>
            </param>
            <param index="4">
              <value>
                <![CDATA[123456789]]>
              </value>
            </param>
            <param index="5">
              <value>
                <![CDATA[123456789]]>
              </value>
            </param>
          </params>
          <reporter-output>
          </reporter-output>
        </test-method> <!-- b_Adding_Product_To_Cart -->
        <test-method status="PASS" signature="afterMethod()[pri:0, instance:TestApplication.TestChrome@3cef309d]" name="afterMethod" is-config="true" duration-ms="1229" started-at="2020-03-25T11:23:05 IST" finished-at="2020-03-25T11:23:06 IST">
          <reporter-output>
          </reporter-output>
        </test-method> <!-- afterMethod -->
        <test-method status="PASS" signature="beforeMethod()[pri:0, instance:TestApplication.TestChrome@3cef309d]" name="beforeMethod" is-config="true" duration-ms="19294" started-at="2020-03-25T11:23:06 IST" finished-at="2020-03-25T11:23:25 IST">
          <reporter-output>
          </reporter-output>
        </test-method> <!-- beforeMethod -->
        <test-method status="PASS" signature="b_Adding_Product_To_Cart(java.lang.String, java.lang.String, java.lang.String, java.lang.String, java.lang.String, java.lang.String)[pri:0, instance:TestApplication.TestChrome@3cef309d]" name="b_Adding_Product_To_Cart" duration-ms="29010" started-at="2020-03-25T11:23:25 IST" data-provider="data2" finished-at="2020-03-25T11:23:54 IST">
          <params>
            <param index="0">
              <value>
                <![CDATA[Komali]]>
              </value>
            </param>
            <param index="1">
              <value>
                <![CDATA[Stella]]>
              </value>
            </param>
            <param index="2">
              <value>
                <![CDATA[kfgvrwhdbhwju@gmail.com]]>
              </value>
            </param>
            <param index="3">
              <value>
                <![CDATA[8795462130]]>
              </value>
            </param>
            <param index="4">
              <value>
                <![CDATA[egtw@dfh6132]]>
              </value>
            </param>
            <param index="5">
              <value>
                <![CDATA[egtw@dfh6132]]>
              </value>
            </param>
          </params>
          <reporter-output>
          </reporter-output>
        </test-method> <!-- b_Adding_Product_To_Cart -->
        <test-method status="PASS" signature="afterMethod()[pri:0, instance:TestApplication.TestChrome@3cef309d]" name="afterMethod" is-config="true" duration-ms="796" started-at="2020-03-25T11:23:54 IST" finished-at="2020-03-25T11:23:55 IST">
          <reporter-output>
          </reporter-output>
        </test-method> <!-- afterMethod -->
        <test-method status="PASS" signature="beforeMethod()[pri:0, instance:TestApplication.TestChrome@3cef309d]" name="beforeMethod" is-config="true" duration-ms="28080" started-at="2020-03-25T11:23:55 IST" finished-at="2020-03-25T11:24:23 IST">
          <reporter-output>
          </reporter-output>
        </test-method> <!-- beforeMethod -->
        <test-method status="PASS" signature="b_Adding_Product_To_Cart(java.lang.String, java.lang.String, java.lang.String, java.lang.String, java.lang.String, java.lang.String)[pri:0, instance:TestApplication.TestChrome@3cef309d]" name="b_Adding_Product_To_Cart" duration-ms="27783" started-at="2020-03-25T11:24:23 IST" data-provider="data2" finished-at="2020-03-25T11:24:51 IST">
          <params>
            <param index="0">
              <value>
                <![CDATA[Darshan]]>
              </value>
            </param>
            <param index="1">
              <value>
                <![CDATA[Raval]]>
              </value>
            </param>
            <param index="2">
              <value>
                <![CDATA[wedhebwjdhek@gmail.com]]>
              </value>
            </param>
            <param index="3">
              <value>
                <![CDATA[7630159824]]>
              </value>
            </param>
            <param index="4">
              <value>
                <![CDATA[hrt845u@]]>
              </value>
            </param>
            <param index="5">
              <value>
                <![CDATA[hrt845u@]]>
              </value>
            </param>
          </params>
          <reporter-output>
          </reporter-output>
        </test-method> <!-- b_Adding_Product_To_Cart -->
        <test-method status="PASS" signature="afterMethod()[pri:0, instance:TestApplication.TestChrome@3cef309d]" name="afterMethod" is-config="true" duration-ms="801" started-at="2020-03-25T11:24:51 IST" finished-at="2020-03-25T11:24:52 IST">
          <reporter-output>
          </reporter-output>
        </test-method> <!-- afterMethod -->
        <test-method status="PASS" signature="beforeMethod()[pri:0, instance:TestApplication.TestChrome@3cef309d]" name="beforeMethod" is-config="true" duration-ms="21219" started-at="2020-03-25T11:24:52 IST" finished-at="2020-03-25T11:25:13 IST">
          <reporter-output>
          </reporter-output>
        </test-method> <!-- beforeMethod -->
        <test-method status="FAIL" signature="c_Adding_And_Removing_Products_From_Cart(java.lang.String, java.lang.String, java.lang.String, java.lang.String, java.lang.String, java.lang.String)[pri:0, instance:TestApplication.TestChrome@3cef309d]" name="c_Adding_And_Removing_Products_From_Cart" duration-ms="32406" started-at="2020-03-25T11:25:13 IST" data-provider="data3" finished-at="2020-03-25T11:25:45 IST">
          <params>
            <param index="0">
              <value>
                <![CDATA[Phanideep]]>
              </value>
            </param>
            <param index="1">
              <value>
                <![CDATA[Reddy]]>
              </value>
            </param>
            <param index="2">
              <value>
                <![CDATA[phanfnvjhfhsd@gmail.com]]>
              </value>
            </param>
            <param index="3">
              <value>
                <![CDATA[6784651511]]>
              </value>
            </param>
            <param index="4">
              <value>
                <![CDATA[jdfjy458hsdbjs]]>
              </value>
            </param>
            <param index="5">
              <value>
                <![CDATA[jdfjy458hsdbjs]]>
              </value>
            </param>
          </params>
          <exception class="org.openqa.selenium.NoSuchElementException">
            <message>
              <![CDATA[no such element: Unable to locate element: {"method":"xpath","selector":"//*[@id="content"]/form/div/table/tbody/tr[2]/td[4]/div/span/button[2]"}
  (Session info: chrome=80.0.3987.149)
For documentation on this error, please visit: https://www.seleniumhq.org/exceptions/no_such_element.html
Build info: version: '3.141.59', revision: 'e82be7d358', time: '2018-11-14T08:17:03'
System info: host: 'LAPTOP-3D80UDLJ', ip: '192.168.43.58', os.name: 'Windows 10', os.arch: 'amd64', os.version: '10.0', java.version: '1.8.0_212'
Driver info: org.openqa.selenium.chrome.ChromeDriver
Capabilities {acceptInsecureCerts: false, browserName: chrome, browserVersion: 80.0.3987.149, chrome: {chromedriverVersion: 79.0.3945.36 (3582db32b3389..., userDataDir: C:\Users\Janvi\AppData\Loca...}, goog:chromeOptions: {debuggerAddress: localhost:52809}, javascriptEnabled: true, networkConnectionEnabled: false, pageLoadStrategy: normal, platform: WINDOWS, platformName: WINDOWS, proxy: Proxy(), setWindowRect: true, strictFileInteractability: false, timeouts: {implicit: 0, pageLoad: 300000, script: 30000}, unhandledPromptBehavior: dismiss and notify}
Session ID: 561ae744f5daf7bc447d7d6d00ecbe0b
*** Element info: {Using=xpath, value=//*[@id="content"]/form/div/table/tbody/tr[2]/td[4]/div/span/button[2]}]]>
            </message>
            <full-stacktrace>
              <![CDATA[org.openqa.selenium.NoSuchElementException: no such element: Unable to locate element: {"method":"xpath","selector":"//*[@id="content"]/form/div/table/tbody/tr[2]/td[4]/div/span/button[2]"}
  (Session info: chrome=80.0.3987.149)
For documentation on this error, please visit: https://www.seleniumhq.org/exceptions/no_such_element.html
Build info: version: '3.141.59', revision: 'e82be7d358', time: '2018-11-14T08:17:03'
System info: host: 'LAPTOP-3D80UDLJ', ip: '192.168.43.58', os.name: 'Windows 10', os.arch: 'amd64', os.version: '10.0', java.version: '1.8.0_212'
Driver info: org.openqa.selenium.chrome.ChromeDriver
Capabilities {acceptInsecureCerts: false, browserName: chrome, browserVersion: 80.0.3987.149, chrome: {chromedriverVersion: 79.0.3945.36 (3582db32b3389..., userDataDir: C:\Users\Janvi\AppData\Loca...}, goog:chromeOptions: {debuggerAddress: localhost:52809}, javascriptEnabled: true, networkConnectionEnabled: false, pageLoadStrategy: normal, platform: WINDOWS, platformName: WINDOWS, proxy: Proxy(), setWindowRect: true, strictFileInteractability: false, timeouts: {implicit: 0, pageLoad: 300000, script: 30000}, unhandledPromptBehavior: dismiss and notify}
Session ID: 561ae744f5daf7bc447d7d6d00ecbe0b
*** Element info: {Using=xpath, value=//*[@id="content"]/form/div/table/tbody/tr[2]/td[4]/div/span/button[2]}
at sun.reflect.NativeConstructorAccessorImpl.newInstance0(Native Method)
at sun.reflect.NativeConstructorAccessorImpl.newInstance(NativeConstructorAccessorImpl.java:62)
at sun.reflect.DelegatingConstructorAccessorImpl.newInstance(DelegatingConstructorAccessorImpl.java:45)
at java.lang.reflect.Constructor.newInstance(Constructor.java:423)
at org.openqa.selenium.remote.http.W3CHttpResponseCodec.createException(W3CHttpResponseCodec.java:187)
at org.openqa.selenium.remote.http.W3CHttpResponseCodec.decode(W3CHttpResponseCodec.java:122)
at org.openqa.selenium.remote.http.W3CHttpResponseCodec.decode(W3CHttpResponseCodec.java:49)
at org.openqa.selenium.remote.HttpCommandExecutor.execute(HttpCommandExecutor.java:158)
at org.openqa.selenium.remote.service.DriverCommandExecutor.execute(DriverCommandExecutor.java:83)
at org.openqa.selenium.remote.RemoteWebDriver.execute(RemoteWebDriver.java:552)
at org.openqa.selenium.remote.RemoteWebDriver.findElement(RemoteWebDriver.java:323)
at org.openqa.selenium.remote.RemoteWebDriver.findElementByXPath(RemoteWebDriver.java:428)
at org.openqa.selenium.By$ByXPath.findElement(By.java:353)
at org.openqa.selenium.remote.RemoteWebDriver.findElement(RemoteWebDriver.java:315)
at OpenCartPages.Shopping_Cart.remove_product(Shopping_Cart.java:27)
at TestApplication.TestChrome.c_Adding_And_Removing_Products_From_Cart(TestChrome.java:79)
at sun.reflect.NativeMethodAccessorImpl.invoke0(Native Method)
at sun.reflect.NativeMethodAccessorImpl.invoke(NativeMethodAccessorImpl.java:62)
at sun.reflect.DelegatingMethodAccessorImpl.invoke(DelegatingMethodAccessorImpl.java:43)
at java.lang.reflect.Method.invoke(Method.java:498)
at org.testng.internal.MethodInvocationHelper.invokeMethod(MethodInvocationHelper.java:133)
at org.testng.internal.TestInvoker.invokeMethod(TestInvoker.java:584)
at org.testng.internal.TestInvoker.invokeTestMethod(TestInvoker.java:172)
at org.testng.internal.MethodRunner.runInSequence(MethodRunner.java:46)
at org.testng.internal.TestInvoker$MethodInvocationAgent.invoke(TestInvoker.java:804)
at org.testng.internal.TestInvoker.invokeTestMethods(TestInvoker.java:145)
at org.testng.internal.TestMethodWorker.invokeTestMethods(TestMethodWorker.java:146)
at org.testng.internal.TestMethodWorker.run(TestMethodWorker.java:128)
at java.util.ArrayList.forEach(ArrayList.java:1257)
at org.testng.TestRunner.privateRun(TestRunner.java:770)
at org.testng.TestRunner.run(TestRunner.java:591)
at org.testng.SuiteRunner.runTest(SuiteRunner.java:402)
at org.testng.SuiteRunner.runSequentially(SuiteRunner.java:396)
at org.testng.SuiteRunner.privateRun(SuiteRunner.java:355)
at org.testng.SuiteRunner.run(SuiteRunner.java:304)
at org.testng.SuiteRunnerWorker.runSuite(SuiteRunnerWorker.java:53)
at org.testng.SuiteRunnerWorker.run(SuiteRunnerWorker.java:96)
at org.testng.TestNG.runSuitesSequentially(TestNG.java:1180)
at org.testng.TestNG.runSuitesLocally(TestNG.java:1102)
at org.testng.TestNG.runSuites(TestNG.java:1032)
at org.testng.TestNG.run(TestNG.java:1000)
at org.testng.remote.AbstractRemoteTestNG.run(AbstractRemoteTestNG.java:115)
at org.testng.remote.RemoteTestNG.initAndRun(RemoteTestNG.java:251)
at org.testng.remote.RemoteTestNG.main(RemoteTestNG.java:77)
]]>
            </full-stacktrace>
          </exception> <!-- org.openqa.selenium.NoSuchElementException -->
          <reporter-output>
          </reporter-output>
        </test-method> <!-- c_Adding_And_Removing_Products_From_Cart -->
        <test-method status="PASS" signature="afterMethod()[pri:0, instance:TestApplication.TestChrome@3cef309d]" name="afterMethod" is-config="true" duration-ms="796" started-at="2020-03-25T11:25:45 IST" finished-at="2020-03-25T11:25:46 IST">
          <reporter-output>
          </reporter-output>
        </test-method> <!-- afterMethod -->
        <test-method status="PASS" signature="beforeMethod()[pri:0, instance:TestApplication.TestChrome@3cef309d]" name="beforeMethod" is-config="true" duration-ms="18213" started-at="2020-03-25T11:25:46 IST" finished-at="2020-03-25T11:26:04 IST">
          <reporter-output>
          </reporter-output>
        </test-method> <!-- beforeMethod -->
        <test-method status="PASS" signature="c_Adding_And_Removing_Products_From_Cart(java.lang.String, java.lang.String, java.lang.String, java.lang.String, java.lang.String, java.lang.String)[pri:0, instance:TestApplication.TestChrome@3cef309d]" name="c_Adding_And_Removing_Products_From_Cart" duration-ms="38196" started-at="2020-03-25T11:26:04 IST" data-provider="data3" finished-at="2020-03-25T11:26:43 IST">
          <params>
            <param index="0">
              <value>
                <![CDATA[Rohini]]>
              </value>
            </param>
            <param index="1">
              <value>
                <![CDATA[Reddy]]>
              </value>
            </param>
            <param index="2">
              <value>
                <![CDATA[rofnejhwhebhdddy@gmail.com]]>
              </value>
            </param>
            <param index="3">
              <value>
                <![CDATA[8484516518]]>
              </value>
            </param>
            <param index="4">
              <value>
                <![CDATA[duuwdnfnmd]]>
              </value>
            </param>
            <param index="5">
              <value>
                <![CDATA[duuwdnfnmd]]>
              </value>
            </param>
          </params>
          <reporter-output>
          </reporter-output>
        </test-method> <!-- c_Adding_And_Removing_Products_From_Cart -->
        <test-method status="PASS" signature="afterMethod()[pri:0, instance:TestApplication.TestChrome@3cef309d]" name="afterMethod" is-config="true" duration-ms="794" started-at="2020-03-25T11:26:43 IST" finished-at="2020-03-25T11:26:43 IST">
          <reporter-output>
          </reporter-output>
        </test-method> <!-- afterMethod -->
        <test-method status="PASS" signature="beforeMethod()[pri:0, instance:TestApplication.TestChrome@3cef309d]" name="beforeMethod" is-config="true" duration-ms="29845" started-at="2020-03-25T11:26:43 IST" finished-at="2020-03-25T11:27:13 IST">
          <reporter-output>
          </reporter-output>
        </test-method> <!-- beforeMethod -->
        <test-method status="PASS" signature="c_Adding_And_Removing_Products_From_Cart(java.lang.String, java.lang.String, java.lang.String, java.lang.String, java.lang.String, java.lang.String)[pri:0, instance:TestApplication.TestChrome@3cef309d]" name="c_Adding_And_Removing_Products_From_Cart" duration-ms="42036" started-at="2020-03-25T11:27:13 IST" data-provider="data3" finished-at="2020-03-25T11:27:55 IST">
          <params>
            <param index="0">
              <value>
                <![CDATA[Pavitra]]>
              </value>
            </param>
            <param index="1">
              <value>
                <![CDATA[Rekha]]>
              </value>
            </param>
            <param index="2">
              <value>
                <![CDATA[pavdwebdhweija@gmail.com]]>
              </value>
            </param>
            <param index="3">
              <value>
                <![CDATA[9781516585]]>
              </value>
            </param>
            <param index="4">
              <value>
                <![CDATA[9879885165]]>
              </value>
            </param>
            <param index="5">
              <value>
                <![CDATA[9879885165]]>
              </value>
            </param>
          </params>
          <reporter-output>
          </reporter-output>
        </test-method> <!-- c_Adding_And_Removing_Products_From_Cart -->
        <test-method status="PASS" signature="afterMethod()[pri:0, instance:TestApplication.TestChrome@3cef309d]" name="afterMethod" is-config="true" duration-ms="931" started-at="2020-03-25T11:27:55 IST" finished-at="2020-03-25T11:27:56 IST">
          <reporter-output>
          </reporter-output>
        </test-method> <!-- afterMethod -->
      </class> <!-- TestApplication.TestChrome -->
    </test> <!-- Default test -->
  </suite> <!-- Default suite -->
</testng-results>
